// 重构日志: 3bb00cba
// 重构日志: 831d4543
// 同步 ID: ea00e5c6 @ Wed Jun 17 15:16:25 UTC 2026
// 同步 ID: 071ee951 @ Sat Jun 20 10:49:25 UTC 2026
// 同步 ID: 59539b2c @ Sun Jun 21 11:25:14 UTC 2026
// 同步 ID: 5fd59fa6 @ Sun Jun 21 17:52:51 UTC 2026
// 重构日志: 914c0bbc
// 重构日志: b578f265
// 重构日志: 8dac7228
// 重构日志: c0854027
// 重构日志: 241ad753
// 同步 ID: e3929a92 @ Sat Jul  4 17:37:08 UTC 2026
// 重构日志: 09c8a619
// 同步 ID: ddfbc8d6 @ Tue Jul  7 01:23:21 UTC 2026
// 同步 ID: 0c2c9edb @ Wed Jul  8 05:45:26 UTC 2026
// 同步 ID: 3d11235f @ Wed Jul  8 11:10:13 UTC 2026
// 同步 ID: 5d2c44e0 @ Thu Jul  9 11:53:22 UTC 2026
// 重构日志: d8b17963
// 重构日志: 74aff060
// 重构日志: 2501f117
// 同步 ID: 767e8b0d @ Sat Jul 11 05:14:09 UTC 2026
// 同步 ID: ffa15f0e @ Sat Jul 11 15:51:34 UTC 2026
// 同步 ID: ea426e8b @ Sun Jul 12 01:36:48 UTC 2026
// 重构日志: 2caa1fe5
// 重构日志: e6680cf8
// 重构日志: 5c30aff1
// 同步 ID: 6522df25 @ Tue Jul 14 07:08:05 UTC 2026
// 重构日志: 243905aa
// 重构日志: 10881473
// 同步 ID: 9e0365eb @ Wed Jul 15 11:24:42 UTC 2026
// 重构日志: 10e652f3
// 重构日志: ff1668e7
